├─ TESTING FLIGHT RETRIEVAL
│---├─ Retrieving flights departing from the specified airport (MXP)
│---├─ Flight to CDG: {IATA_code=CDG, Country=France, ID=6677f9907acf35542d8ef21b, Name=Aéroport de Paris-Charles-de-Gaulle}
│---├─ Flight to PMV: {IATA_code=PMV, Country=Venezuela, ID=6677f9907acf35542d8ef21c, Name=Aeropuerto Internacional del Caribe Santiago Mariño}

├─ TESTING SEATS RETRIEVAL
│---├─ The user chose to depart from MXP to PMV
│---├─ Retrieving available seats for the specified flight (MXP -> PMV)
│---├─ Number of available seats: 5
│---├─ Available seats are: [5A, 9C, 10B, 13B, 13F]

├─ TESTING CONCURRENT TRANSACTIONS
│---├─ Testing concurrent booking for the same seat (5A) on flight 6677f9907acf35542d8ef21c (MXP -> PMV)
│---├─ Booking result for person 1: true
│---├─ Booking result for person 2: false
│---├─ Person 1 booked the seat first and successfully: Person{name='Francesca', surname='Ferrari', documentInfo='3GN5Z56', dateOfBirth='1937-02-14', balance=62246.0}
│---├─ Person 2 consequently failed to book the same seat: Person{name='Pietro', surname='Gallo', documentInfo='HKIAGB9', dateOfBirth='1960-12-19', balance=12399.08}
│---├─ The balance of Francesca Ferrari before booking the flight was 62608.00$
│---├─ The cost of the flight was 362.00$
│---├─ This means the new balance of Francesca Ferrari is 62246.00$

├─ TESTING NON-CONCURRENT TRANSACTION
│---├─ A new user chose to book the 10B seat, without any concurrency from other users
│---├─ Booking result for new person: true
│---├─ New person booked the seat successfully: Person{name='Federico', surname='Basili', documentInfo='O816X6P', dateOfBirth='1967-03-22', balance=69993.39}
│---├─ The balance of Federico Basili before booking the flight was 70355.39$
│---├─ The cost of the flight was 362.00$
│---├─ This means the new balance of Federico Basili is 69993.39$

├─ TESTING INSUFFICIENT FUNDS BEHAVIOUR
│---├─ Maria Conti with balance 10.0$ is attempting to book seat 13B
│---├─ Booking result for person with insufficient funds: false
│---├─ The booking failed due to insufficient balance to complete the transaction

