├─ TESTING FLIGHT RETRIEVAL
│---├─ Retrieving flights departing from the specified airport (MXP)
│---├─ Flight to CDG: {IATA_code=CDG, Country=France, ID=6677f9907acf35542d8ef21b, Name=Aéroport de Paris-Charles-de-Gaulle}
│---├─ Flight to PMV: {IATA_code=PMV, Country=Venezuela, ID=6677f9907acf35542d8ef21c, Name=Aeropuerto Internacional del Caribe Santiago Mariño}

├─ TESTING SEATS RETRIEVAL
│---├─ The user chose to depart from MXP to CDG
│---├─ Retrieving available seats for the specified flight (MXP -> CDG)
│---├─ Number of available seats: 100
│---├─ Available seats are: [1A, 1B, 1C, 1D, 1E, 1F, 2A, 2B, 2C, 2D, 2E, 2F, 3A, 3B, 3C, 3D, 3E, 3F, 4A, 4B, 4C, 4D, 4E, 4F, 5A, 5B, 5C, 5D, 5E, 5F, 6A, 6B, 6C, 6D, 6E, 6F, 7A, 7B, 7C, 7D, 7E, 7F, 8A, 8B, 8C, 8D, 8E, 8F, 9A, 9B, 9C, 9D, 9E, 9F, 10A, 10B, 10C, 10D, 10E, 10F, 11A, 11B, 11C, 11D, 11E, 11F, 12A, 12B, 12C, 12D, 12E, 12F, 13A, 13B, 13C, 13D, 13E, 13F, 14A, 14B, 14C, 14D, 14E, 14F, 15A, 15B, 15C, 15D, 15E, 15F, 16A, 16B, 16C, 16D, 16E, 16F, 17A, 17B, 17C, 17D]

├─ TESTING CONCURRENT TRANSACTIONS
│---├─ Testing concurrent booking for the same seat (8B) on flight 6677f9907acf35542d8ef21b (MXP -> CDG)
│---├─ Booking result for person 1: true
│---├─ Booking result for person 2: false
│---├─ Person 1 booked the seat first and successfully: Person{name='Samuele', surname='Messina', documentInfo='7DYE24F', dateOfBirth='1947-12-13', balance=31237.95}
│---├─ Person 2 consequently failed to book the same seat: Person{name='Claudio', surname='Donati', documentInfo='8F09N7D', dateOfBirth='2001-12-16', balance=97702.96}

├─ TESTING NON-CONCURRENT TRANSACTION
│---├─ A new user chose to book the 6A seat, without any concurrency from other users
│---├─ Booking result for new person: true
│---├─ New person booked the seat successfully: Person{name='Andrea', surname='Rizzi', documentInfo='DSFYUNE', dateOfBirth='1928-05-01', balance=57999.85}

├─ TESTING BOOKING FOR AN ALREADY OCCUPIED SEAT
│---├─ Booking result for another person trying to book an occupied seat (8B): false
│---├─ Another person failed to book the already occupied seat (expected): Person{name='Tommaso', surname='Sanna', documentInfo='KTTNWQ4', dateOfBirth='1965-03-26', balance=33731.47}
